2025/03/22 15:58:16 {
  "update_id": 542154503,
  "message_reaction": null,
  "message_reaction_count": null,
  "callback_query": {
    "id": "5831532601850401120",
    "from": {
      "id": 1357759489,
      "first_name": "Đinh",
      "last_name": "Việt Hoàng",
      "is_forum": false,
      "username": "dvhoang123",
      "language_code": "en",
      "is_bot": false,
      "is_premium": false,
      "added_to_attachment_menu": false,
      "active_usernames": null,
      "emoji_status_custom_emoji_id": "",
      "can_join_groups": false,
      "can_read_all_group_messages": false,
      "supports_inline_queries": false,
      "can_connect_to_business": false,
      "has_main_web_app": false
    },
    "message": {
      "message_id": 1445,
      "message_thread_id": 0,
      "from": {
        "id": 7195471412,
        "first_name": "Mini Billing Digitel",
        "last_name": "",
        "is_forum": false,
        "username": "BillingDigitel_bot",
        "language_code": "",
        "is_bot": true,
        "is_premium": false,
        "added_to_attachment_menu": false,
        "active_usernames": null,
        "emoji_status_custom_emoji_id": "",
        "can_join_groups": false,
        "can_read_all_group_messages": false,
        "supports_inline_queries": false,
        "can_connect_to_business": false,
        "has_main_web_app": false
      },
      "date": 1742547844,
      "chat": {
        "id": 1357759489,
        "type": "private",
        "title": "",
        "first_name": "Đinh",
        "last_name": "Việt Hoàng",
        "username": "dvhoang123",
        "available_reactions": null,
        "can_send_paid_media": false,
        "custom_emoji_sticker_set_name": "",
        "has_restricted_voice_and_video_messages": false,
        "emoji_status_custom_emoji_id": "",
        "emoji_status_expiration_date": 0,
        "background_custom_emoji_id": "",
        "accent_color_id": 0,
        "profile_accent_color_id": 0,
        "profile_background_custom_emoji_id": "",
        "has_visible_history": false,
        "unrestrict_boost_count": 0,
        "max_reaction_count": 0,
        "birthdate": {
          "day": 0,
          "month": 0,
          "year": 0
        },
        "business_intro": {
          "title": "",
          "message": "",
          "sticker": null
        },
        "business_location": {
          "address": "",
          "location": null
        },
        "business_opening_hours": {
          "time_zone_name": "",
          "opening_hours": null
        }
      },
      "sender_chat": null,
      "forward_from": null,
      "forward_from_chat": null,
      "forward_from_message_id": 0,
      "forward_signature": "",
      "forward_sender_name": "",
      "forward_date": 0,
      "forward_origin": null,
      "is_automatic_forward": false,
      "reply_to_message": null,
      "story": null,
      "external_reply": null,
      "quote": null,
      "via_bot": null,
      "reply_to_story": null,
      "edit_date": 0,
      "is_topic_message": false,
      "media_group_id": "",
      "author_signature": "",
      "text": "Chào mừng ĐINH VIỆT HOÀNG quay trở lại. Mình có thể giúp gì cho bạn ?",
      "effect_id": "",
      "audio": null,
      "document": null,
      "paid_media": {
        "star_count": 0,
        "paid_media": null
      },
      "photo": null,
      "sticker": null,
      "voice": null,
      "video_note": null,
      "video": null,
      "animation": null,
      "contact": null,
      "location": null,
      "venue": null,
      "poll": null,
      "game": null,
      "dice": null,
      "giveaway": null,
      "giveaway_winners": null,
      "giveaway_created": null,
      "giveaway_completed": null,
      "business_connection_id": "",
      "sender_business_bot": null,
      "new_chat_member": null,
      "left_chat_member": null,
      "new_chat_title": "",
      "new_chat_photo": null,
      "new_chat_members": null,
      "delete_chat_photo": false,
      "group_chat_created": false,
      "supergroup_chat_created": false,
      "channel_chat_created": false,
      "migrate_to_chat_id": 0,
      "migrate_from_chat_id": 0,
      "pinned_message": null,
      "invoice": null,
      "successful_payment": null,
      "refunded_payment": null,
      "reply_markup": {
        "inline_keyboard": [
          [
            {
              "text": "Giới thiệu",
              "callback_data": "\fbtn_intro|button_intro",
              "switch_inline_query_current_chat": ""
            },
            {
              "text": "🔑 Lẫy mã Đăng nhập",
              "callback_data": "\fbtn_login|loginCode",
              "switch_inline_query_current_chat": ""
            }
          ]
        ]
      },
      "boost_added": null,
      "chat_background_set": {
        "type": {
          "type": "",
          "fill": {
            "type": ""
          },
          "document": {
            "file_id": "",
            "file_unique_id": "",
            "file_size": 0,
            "file_path": "",
            "file_local": "",
            "file_url": "",
            "mime_type": ""
          }
        }
      },
      "sender_boost_count": 0,
      "show_caption_above_media": false
    },
    "inline_message_id": "",
    "data": "\fbtn_login|loginCode",
    "chat_instance": "8788547868959992226",
    "game_short_name": ""
  },
  "chat_boost": null,
  "removed_chat_boost": null,
  "business_connection": null,
  "business_message": null,
  "edited_business_message": null,
  "deleted_business_messages": null
}
2025/03/22 15:58:16 ✅ Đã tìm thấy người dùng: 2887524370
2025/03/24 08:10:21 {
  "update_id": 542154504,
  "message_reaction": null,
  "message_reaction_count": null,
  "callback_query": {
    "id": "723615620246190657",
    "from": {
      "id": 6610930834,
      "first_name": "Minh Chánh",
      "last_name": "",
      "is_forum": false,
      "username": "tongdaidigi",
      "language_code": "vi",
      "is_bot": false,
      "is_premium": true,
      "added_to_attachment_menu": false,
      "active_usernames": null,
      "emoji_status_custom_emoji_id": "",
      "can_join_groups": false,
      "can_read_all_group_messages": false,
      "supports_inline_queries": false,
      "can_connect_to_business": false,
      "has_main_web_app": false
    },
    "message": {
      "message_id": 1452,
      "message_thread_id": 0,
      "from": {
        "id": 7195471412,
        "first_name": "Mini Billing Digitel",
        "last_name": "",
        "is_forum": false,
        "username": "BillingDigitel_bot",
        "language_code": "",
        "is_bot": true,
        "is_premium": false,
        "added_to_attachment_menu": false,
        "active_usernames": null,
        "emoji_status_custom_emoji_id": "",
        "can_join_groups": false,
        "can_read_all_group_messages": false,
        "supports_inline_queries": false,
        "can_connect_to_business": false,
        "has_main_web_app": false
      },
      "date": 1742548123,
      "chat": {
        "id": 6610930834,
        "type": "private",
        "title": "",
        "first_name": "Minh Chánh",
        "last_name": "",
        "username": "tongdaidigi",
        "available_reactions": null,
        "can_send_paid_media": false,
        "custom_emoji_sticker_set_name": "",
        "has_restricted_voice_and_video_messages": false,
        "emoji_status_custom_emoji_id": "",
        "emoji_status_expiration_date": 0,
        "background_custom_emoji_id": "",
        "accent_color_id": 0,
        "profile_accent_color_id": 0,
        "profile_background_custom_emoji_id": "",
        "has_visible_history": false,
        "unrestrict_boost_count": 0,
        "max_reaction_count": 0,
        "birthdate": {
          "day": 0,
          "month": 0,
          "year": 0
        },
        "business_intro": {
          "title": "",
          "message": "",
          "sticker": null
        },
        "business_location": {
          "address": "",
          "location": null
        },
        "business_opening_hours": {
          "time_zone_name": "",
          "opening_hours": null
        }
      },
      "sender_chat": null,
      "forward_from": null,
      "forward_from_chat": null,
      "forward_from_message_id": 0,
      "forward_signature": "",
      "forward_sender_name": "",
      "forward_date": 0,
      "forward_origin": null,
      "is_automatic_forward": false,
      "reply_to_message": null,
      "story": null,
      "external_reply": null,
      "quote": null,
      "via_bot": null,
      "reply_to_story": null,
      "edit_date": 0,
      "is_topic_message": false,
      "media_group_id": "",
      "author_signature": "",
      "text": "Chào mừng ĐỖ MINH CHÁNH quay trở lại. Mình có thể giúp gì cho bạn ?",
      "effect_id": "",
      "audio": null,
      "document": null,
      "paid_media": {
        "star_count": 0,
        "paid_media": null
      },
      "photo": null,
      "sticker": null,
      "voice": null,
      "video_note": null,
      "video": null,
      "animation": null,
      "contact": null,
      "location": null,
      "venue": null,
      "poll": null,
      "game": null,
      "dice": null,
      "giveaway": null,
      "giveaway_winners": null,
      "giveaway_created": null,
      "giveaway_completed": null,
      "business_connection_id": "",
      "sender_business_bot": null,
      "new_chat_member": null,
      "left_chat_member": null,
      "new_chat_title": "",
      "new_chat_photo": null,
      "new_chat_members": null,
      "delete_chat_photo": false,
      "group_chat_created": false,
      "supergroup_chat_created": false,
      "channel_chat_created": false,
      "migrate_to_chat_id": 0,
      "migrate_from_chat_id": 0,
      "pinned_message": null,
      "invoice": null,
      "successful_payment": null,
      "refunded_payment": null,
      "reply_markup": {
        "inline_keyboard": [
          [
            {
              "text": "🔑 Lẫy mã Đăng nhập",
              "callback_data": "\fbtn_login|loginCode",
              "switch_inline_query_current_chat": ""
            },
            {
              "text": "🔑 Lẫy mã Đăng nhập",
              "callback_data": "\fbtn_login|loginCode",
              "switch_inline_query_current_chat": ""
            }
          ]
        ]
      },
      "boost_added": null,
      "chat_background_set": {
        "type": {
          "type": "",
          "fill": {
            "type": ""
          },
          "document": {
            "file_id": "",
            "file_unique_id": "",
            "file_size": 0,
            "file_path": "",
            "file_local": "",
            "file_url": "",
            "mime_type": ""
          }
        }
      },
      "sender_boost_count": 0,
      "show_caption_above_media": false
    },
    "inline_message_id": "",
    "data": "\fbtn_login|loginCode",
    "chat_instance": "6081602619939067539",
    "game_short_name": ""
  },
  "chat_boost": null,
  "removed_chat_boost": null,
  "business_connection": null,
  "business_message": null,
  "edited_business_message": null,
  "deleted_business_messages": null
}
2025/03/24 08:10:21 ✅ Đã tìm thấy người dùng: 2872546324
2025/03/24 15:41:10 {
  "update_id": 542154505,
  "message_reaction": null,
  "message_reaction_count": null,
  "callback_query": {
    "id": "5831532605193939128",
    "from": {
      "id": 1357759489,
      "first_name": "Đinh",
      "last_name": "Việt Hoàng",
      "is_forum": false,
      "username": "dvhoang123",
      "language_code": "en",
      "is_bot": false,
      "is_premium": false,
      "added_to_attachment_menu": false,
      "active_usernames": null,
      "emoji_status_custom_emoji_id": "",
      "can_join_groups": false,
      "can_read_all_group_messages": false,
      "supports_inline_queries": false,
      "can_connect_to_business": false,
      "has_main_web_app": false
    },
    "message": {
      "message_id": 1445,
      "message_thread_id": 0,
      "from": {
        "id": 7195471412,
        "first_name": "Mini Billing Digitel",
        "last_name": "",
        "is_forum": false,
        "username": "BillingDigitel_bot",
        "language_code": "",
        "is_bot": true,
        "is_premium": false,
        "added_to_attachment_menu": false,
        "active_usernames": null,
        "emoji_status_custom_emoji_id": "",
        "can_join_groups": false,
        "can_read_all_group_messages": false,
        "supports_inline_queries": false,
        "can_connect_to_business": false,
        "has_main_web_app": false
      },
      "date": 1742547844,
      "chat": {
        "id": 1357759489,
        "type": "private",
        "title": "",
        "first_name": "Đinh",
        "last_name": "Việt Hoàng",
        "username": "dvhoang123",
        "available_reactions": null,
        "can_send_paid_media": false,
        "custom_emoji_sticker_set_name": "",
        "has_restricted_voice_and_video_messages": false,
        "emoji_status_custom_emoji_id": "",
        "emoji_status_expiration_date": 0,
        "background_custom_emoji_id": "",
        "accent_color_id": 0,
        "profile_accent_color_id": 0,
        "profile_background_custom_emoji_id": "",
        "has_visible_history": false,
        "unrestrict_boost_count": 0,
        "max_reaction_count": 0,
        "birthdate": {
          "day": 0,
          "month": 0,
          "year": 0
        },
        "business_intro": {
          "title": "",
          "message": "",
          "sticker": null
        },
        "business_location": {
          "address": "",
          "location": null
        },
        "business_opening_hours": {
          "time_zone_name": "",
          "opening_hours": null
        }
      },
      "sender_chat": null,
      "forward_from": null,
      "forward_from_chat": null,
      "forward_from_message_id": 0,
      "forward_signature": "",
      "forward_sender_name": "",
      "forward_date": 0,
      "forward_origin": null,
      "is_automatic_forward": false,
      "reply_to_message": null,
      "story": null,
      "external_reply": null,
      "quote": null,
      "via_bot": null,
      "reply_to_story": null,
      "edit_date": 0,
      "is_topic_message": false,
      "media_group_id": "",
      "author_signature": "",
      "text": "Chào mừng ĐINH VIỆT HOÀNG quay trở lại. Mình có thể giúp gì cho bạn ?",
      "effect_id": "",
      "audio": null,
      "document": null,
      "paid_media": {
        "star_count": 0,
        "paid_media": null
      },
      "photo": null,
      "sticker": null,
      "voice": null,
      "video_note": null,
      "video": null,
      "animation": null,
      "contact": null,
      "location": null,
      "venue": null,
      "poll": null,
      "game": null,
      "dice": null,
      "giveaway": null,
      "giveaway_winners": null,
      "giveaway_created": null,
      "giveaway_completed": null,
      "business_connection_id": "",
      "sender_business_bot": null,
      "new_chat_member": null,
      "left_chat_member": null,
      "new_chat_title": "",
      "new_chat_photo": null,
      "new_chat_members": null,
      "delete_chat_photo": false,
      "group_chat_created": false,
      "supergroup_chat_created": false,
      "channel_chat_created": false,
      "migrate_to_chat_id": 0,
      "migrate_from_chat_id": 0,
      "pinned_message": null,
      "invoice": null,
      "successful_payment": null,
      "refunded_payment": null,
      "reply_markup": {
        "inline_keyboard": [
          [
            {
              "text": "Giới thiệu",
              "callback_data": "\fbtn_intro|button_intro",
              "switch_inline_query_current_chat": ""
            },
            {
              "text": "🔑 Lẫy mã Đăng nhập",
              "callback_data": "\fbtn_login|loginCode",
              "switch_inline_query_current_chat": ""
            }
          ]
        ]
      },
      "boost_added": null,
      "chat_background_set": {
        "type": {
          "type": "",
          "fill": {
            "type": ""
          },
          "document": {
            "file_id": "",
            "file_unique_id": "",
            "file_size": 0,
            "file_path": "",
            "file_local": "",
            "file_url": "",
            "mime_type": ""
          }
        }
      },
      "sender_boost_count": 0,
      "show_caption_above_media": false
    },
    "inline_message_id": "",
    "data": "\fbtn_login|loginCode",
    "chat_instance": "8788547868959992226",
    "game_short_name": ""
  },
  "chat_boost": null,
  "removed_chat_boost": null,
  "business_connection": null,
  "business_message": null,
  "edited_business_message": null,
  "deleted_business_messages": null
}
2025/03/24 15:41:10 ✅ Đã tìm thấy người dùng: 2887591218
2025/03/25 08:11:10 {
  "update_id": 542154506,
  "message_reaction": null,
  "message_reaction_count": null,
  "callback_query": {
    "id": "723615617966027747",
    "from": {
      "id": 6610930834,
      "first_name": "Minh Chánh",
      "last_name": "",
      "is_forum": false,
      "username": "tongdaidigi",
      "language_code": "vi",
      "is_bot": false,
      "is_premium": true,
      "added_to_attachment_menu": false,
      "active_usernames": null,
      "emoji_status_custom_emoji_id": "",
      "can_join_groups": false,
      "can_read_all_group_messages": false,
      "supports_inline_queries": false,
      "can_connect_to_business": false,
      "has_main_web_app": false
    },
    "message": {
      "message_id": 1452,
      "message_thread_id": 0,
      "from": {
        "id": 7195471412,
        "first_name": "Mini Billing Digitel",
        "last_name": "",
        "is_forum": false,
        "username": "BillingDigitel_bot",
        "language_code": "",
        "is_bot": true,
        "is_premium": false,
        "added_to_attachment_menu": false,
        "active_usernames": null,
        "emoji_status_custom_emoji_id": "",
        "can_join_groups": false,
        "can_read_all_group_messages": false,
        "supports_inline_queries": false,
        "can_connect_to_business": false,
        "has_main_web_app": false
      },
      "date": 1742548123,
      "chat": {
        "id": 6610930834,
        "type": "private",
        "title": "",
        "first_name": "Minh Chánh",
        "last_name": "",
        "username": "tongdaidigi",
        "available_reactions": null,
        "can_send_paid_media": false,
        "custom_emoji_sticker_set_name": "",
        "has_restricted_voice_and_video_messages": false,
        "emoji_status_custom_emoji_id": "",
        "emoji_status_expiration_date": 0,
        "background_custom_emoji_id": "",
        "accent_color_id": 0,
        "profile_accent_color_id": 0,
        "profile_background_custom_emoji_id": "",
        "has_visible_history": false,
        "unrestrict_boost_count": 0,
        "max_reaction_count": 0,
        "birthdate": {
          "day": 0,
          "month": 0,
          "year": 0
        },
        "business_intro": {
          "title": "",
          "message": "",
          "sticker": null
        },
        "business_location": {
          "address": "",
          "location": null
        },
        "business_opening_hours": {
          "time_zone_name": "",
          "opening_hours": null
        }
      },
      "sender_chat": null,
      "forward_from": null,
      "forward_from_chat": null,
      "forward_from_message_id": 0,
      "forward_signature": "",
      "forward_sender_name": "",
      "forward_date": 0,
      "forward_origin": null,
      "is_automatic_forward": false,
      "reply_to_message": null,
      "story": null,
      "external_reply": null,
      "quote": null,
      "via_bot": null,
      "reply_to_story": null,
      "edit_date": 0,
      "is_topic_message": false,
      "media_group_id": "",
      "author_signature": "",
      "text": "Chào mừng ĐỖ MINH CHÁNH quay trở lại. Mình có thể giúp gì cho bạn ?",
      "effect_id": "",
      "audio": null,
      "document": null,
      "paid_media": {
        "star_count": 0,
        "paid_media": null
      },
      "photo": null,
      "sticker": null,
      "voice": null,
      "video_note": null,
      "video": null,
      "animation": null,
      "contact": null,
      "location": null,
      "venue": null,
      "poll": null,
      "game": null,
      "dice": null,
      "giveaway": null,
      "giveaway_winners": null,
      "giveaway_created": null,
      "giveaway_completed": null,
      "business_connection_id": "",
      "sender_business_bot": null,
      "new_chat_member": null,
      "left_chat_member": null,
      "new_chat_title": "",
      "new_chat_photo": null,
      "new_chat_members": null,
      "delete_chat_photo": false,
      "group_chat_created": false,
      "supergroup_chat_created": false,
      "channel_chat_created": false,
      "migrate_to_chat_id": 0,
      "migrate_from_chat_id": 0,
      "pinned_message": null,
      "invoice": null,
      "successful_payment": null,
      "refunded_payment": null,
      "reply_markup": {
        "inline_keyboard": [
          [
            {
              "text": "🔑 Lẫy mã Đăng nhập",
              "callback_data": "\fbtn_login|loginCode",
              "switch_inline_query_current_chat": ""
            },
            {
              "text": "🔑 Lẫy mã Đăng nhập",
              "callback_data": "\fbtn_login|loginCode",
              "switch_inline_query_current_chat": ""
            }
          ]
        ]
      },
      "boost_added": null,
      "chat_background_set": {
        "type": {
          "type": "",
          "fill": {
            "type": ""
          },
          "document": {
            "file_id": "",
            "file_unique_id": "",
            "file_size": 0,
            "file_path": "",
            "file_local": "",
            "file_url": "",
            "mime_type": ""
          }
        }
      },
      "sender_boost_count": 0,
      "show_caption_above_media": false
    },
    "inline_message_id": "",
    "data": "\fbtn_login|loginCode",
    "chat_instance": "6081602619939067539",
    "game_short_name": ""
  },
  "chat_boost": null,
  "removed_chat_boost": null,
  "business_connection": null,
  "business_message": null,
  "edited_business_message": null,
  "deleted_business_messages": null
}
2025/03/25 08:11:10 ✅ Đã tìm thấy người dùng: 2872263840
2025/03/25 08:13:26 {
  "update_id": 542154507,
  "message": {
    "message_id": 1459,
    "message_thread_id": 0,
    "from": {
      "id": 1745671820,
      "first_name": "Nguyễn Thị Phương Thảo",
      "last_name": "",
      "is_forum": false,
      "username": "",
      "language_code": "vi",
      "is_bot": false,
      "is_premium": false,
      "added_to_attachment_menu": false,
      "active_usernames": null,
      "emoji_status_custom_emoji_id": "",
      "can_join_groups": false,
      "can_read_all_group_messages": false,
      "supports_inline_queries": false,
      "can_connect_to_business": false,
      "has_main_web_app": false
    },
    "date": 1742865206,
    "chat": {
      "id": 1745671820,
      "type": "private",
      "title": "",
      "first_name": "Nguyễn Thị Phương Thảo",
      "last_name": "",
      "username": "",
      "available_reactions": null,
      "can_send_paid_media": false,
      "custom_emoji_sticker_set_name": "",
      "has_restricted_voice_and_video_messages": false,
      "emoji_status_custom_emoji_id": "",
      "emoji_status_expiration_date": 0,
      "background_custom_emoji_id": "",
      "accent_color_id": 0,
      "profile_accent_color_id": 0,
      "profile_background_custom_emoji_id": "",
      "has_visible_history": false,
      "unrestrict_boost_count": 0,
      "max_reaction_count": 0,
      "birthdate": {
        "day": 0,
        "month": 0,
        "year": 0
      },
      "business_intro": {
        "title": "",
        "message": "",
        "sticker": null
      },
      "business_location": {
        "address": "",
        "location": null
      },
      "business_opening_hours": {
        "time_zone_name": "",
        "opening_hours": null
      }
    },
    "sender_chat": null,
    "forward_from": null,
    "forward_from_chat": null,
    "forward_from_message_id": 0,
    "forward_signature": "",
    "forward_sender_name": "",
    "forward_date": 0,
    "forward_origin": null,
    "is_automatic_forward": false,
    "reply_to_message": null,
    "story": null,
    "external_reply": null,
    "quote": null,
    "via_bot": null,
    "reply_to_story": null,
    "edit_date": 0,
    "is_topic_message": false,
    "media_group_id": "",
    "author_signature": "",
    "text": "/start",
    "entities": [
      {
        "type": "bot_command",
        "offset": 0,
        "length": 6,
        "custom_emoji_id": ""
      }
    ],
    "effect_id": "",
    "audio": null,
    "document": null,
    "paid_media": {
      "star_count": 0,
      "paid_media": null
    },
    "photo": null,
    "sticker": null,
    "voice": null,
    "video_note": null,
    "video": null,
    "animation": null,
    "contact": null,
    "location": null,
    "venue": null,
    "poll": null,
    "game": null,
    "dice": null,
    "giveaway": null,
    "giveaway_winners": null,
    "giveaway_created": null,
    "giveaway_completed": null,
    "business_connection_id": "",
    "sender_business_bot": null,
    "new_chat_member": null,
    "left_chat_member": null,
    "new_chat_title": "",
    "new_chat_photo": null,
    "new_chat_members": null,
    "delete_chat_photo": false,
    "group_chat_created": false,
    "supergroup_chat_created": false,
    "channel_chat_created": false,
    "migrate_to_chat_id": 0,
    "migrate_from_chat_id": 0,
    "pinned_message": null,
    "invoice": null,
    "successful_payment": null,
    "refunded_payment": null,
    "boost_added": null,
    "chat_background_set": {
      "type": {
        "type": "",
        "fill": {
          "type": ""
        },
        "document": {
          "file_id": "",
          "file_unique_id": "",
          "file_size": 0,
          "file_path": "",
          "file_local": "",
          "file_url": "",
          "mime_type": ""
        }
      }
    },
    "sender_boost_count": 0,
    "show_caption_above_media": false
  },
  "message_reaction": null,
  "message_reaction_count": null,
  "chat_boost": null,
  "removed_chat_boost": null,
  "business_connection": null,
  "business_message": null,
  "edited_business_message": null,
  "deleted_business_messages": null
}
2025/03/25 08:13:26 ❌ Không tìm thấy user: mongo: no documents in result
2025/03/25 08:13:26 ✅ User được tạo với ID: ObjectID("67e203360fce6c5ea8d4a4d4")
2025/03/25 08:13:29 {
  "update_id": 542154508,
  "message_reaction": null,
  "message_reaction_count": null,
  "callback_query": {
    "id": "7497603376922072233",
    "from": {
      "id": 1745671820,
      "first_name": "Nguyễn Thị Phương Thảo",
      "last_name": "",
      "is_forum": false,
      "username": "",
      "language_code": "vi",
      "is_bot": false,
      "is_premium": false,
      "added_to_attachment_menu": false,
      "active_usernames": null,
      "emoji_status_custom_emoji_id": "",
      "can_join_groups": false,
      "can_read_all_group_messages": false,
      "supports_inline_queries": false,
      "can_connect_to_business": false,
      "has_main_web_app": false
    },
    "message": {
      "message_id": 1460,
      "message_thread_id": 0,
      "from": {
        "id": 7195471412,
        "first_name": "Mini Billing Digitel",
        "last_name": "",
        "is_forum": false,
        "username": "BillingDigitel_bot",
        "language_code": "",
        "is_bot": true,
        "is_premium": false,
        "added_to_attachment_menu": false,
        "active_usernames": null,
        "emoji_status_custom_emoji_id": "",
        "can_join_groups": false,
        "can_read_all_group_messages": false,
        "supports_inline_queries": false,
        "can_connect_to_business": false,
        "has_main_web_app": false
      },
      "date": 1742865206,
      "chat": {
        "id": 1745671820,
        "type": "private",
        "title": "",
        "first_name": "Nguyễn Thị Phương Thảo",
        "last_name": "",
        "username": "",
        "available_reactions": null,
        "can_send_paid_media": false,
        "custom_emoji_sticker_set_name": "",
        "has_restricted_voice_and_video_messages": false,
        "emoji_status_custom_emoji_id": "",
        "emoji_status_expiration_date": 0,
        "background_custom_emoji_id": "",
        "accent_color_id": 0,
        "profile_accent_color_id": 0,
        "profile_background_custom_emoji_id": "",
        "has_visible_history": false,
        "unrestrict_boost_count": 0,
        "max_reaction_count": 0,
        "birthdate": {
          "day": 0,
          "month": 0,
          "year": 0
        },
        "business_intro": {
          "title": "",
          "message": "",
          "sticker": null
        },
        "business_location": {
          "address": "",
          "location": null
        },
        "business_opening_hours": {
          "time_zone_name": "",
          "opening_hours": null
        }
      },
      "sender_chat": null,
      "forward_from": null,
      "forward_from_chat": null,
      "forward_from_message_id": 0,
      "forward_signature": "",
      "forward_sender_name": "",
      "forward_date": 0,
      "forward_origin": null,
      "is_automatic_forward": false,
      "reply_to_message": null,
      "story": null,
      "external_reply": null,
      "quote": null,
      "via_bot": null,
      "reply_to_story": null,
      "edit_date": 0,
      "is_topic_message": false,
      "media_group_id": "",
      "author_signature": "",
      "text": "Chào mừng bạn đến với mini Billing. Để sử dụng dịch vụ, vui lòng đăng nhập vào ứng dụng",
      "effect_id": "",
      "audio": null,
      "document": null,
      "paid_media": {
        "star_count": 0,
        "paid_media": null
      },
      "photo": null,
      "sticker": null,
      "voice": null,
      "video_note": null,
      "video": null,
      "animation": null,
      "contact": null,
      "location": null,
      "venue": null,
      "poll": null,
      "game": null,
      "dice": null,
      "giveaway": null,
      "giveaway_winners": null,
      "giveaway_created": null,
      "giveaway_completed": null,
      "business_connection_id": "",
      "sender_business_bot": null,
      "new_chat_member": null,
      "left_chat_member": null,
      "new_chat_title": "",
      "new_chat_photo": null,
      "new_chat_members": null,
      "delete_chat_photo": false,
      "group_chat_created": false,
      "supergroup_chat_created": false,
      "channel_chat_created": false,
      "migrate_to_chat_id": 0,
      "migrate_from_chat_id": 0,
      "pinned_message": null,
      "invoice": null,
      "successful_payment": null,
      "refunded_payment": null,
      "reply_markup": {
        "inline_keyboard": [
          [
            {
              "text": "🔑 Đăng nhập",
              "callback_data": "\fbtn_login|login",
              "switch_inline_query_current_chat": ""
            }
          ]
        ]
      },
      "boost_added": null,
      "chat_background_set": {
        "type": {
          "type": "",
          "fill": {
            "type": ""
          },
          "document": {
            "file_id": "",
            "file_unique_id": "",
            "file_size": 0,
            "file_path": "",
            "file_local": "",
            "file_url": "",
            "mime_type": ""
          }
        }
      },
      "sender_boost_count": 0,
      "show_caption_above_media": false
    },
    "inline_message_id": "",
    "data": "\fbtn_login|login",
    "chat_instance": "-2678256898979970386",
    "game_short_name": ""
  },
  "chat_boost": null,
  "removed_chat_boost": null,
  "business_connection": null,
  "business_message": null,
  "edited_business_message": null,
  "deleted_business_messages": null
}
2025/03/25 08:13:29 ✅ Cập nhật user thành công!
2025/03/25 08:13:35 {
  "update_id": 542154509,
  "message_reaction": null,
  "message_reaction_count": null,
  "callback_query": {
    "id": "7497603379885133218",
    "from": {
      "id": 1745671820,
      "first_name": "Nguyễn Thị Phương Thảo",
      "last_name": "",
      "is_forum": false,
      "username": "",
      "language_code": "vi",
      "is_bot": false,
      "is_premium": false,
      "added_to_attachment_menu": false,
      "active_usernames": null,
      "emoji_status_custom_emoji_id": "",
      "can_join_groups": false,
      "can_read_all_group_messages": false,
      "supports_inline_queries": false,
      "can_connect_to_business": false,
      "has_main_web_app": false
    },
    "message": {
      "message_id": 1460,
      "message_thread_id": 0,
      "from": {
        "id": 7195471412,
        "first_name": "Mini Billing Digitel",
        "last_name": "",
        "is_forum": false,
        "username": "BillingDigitel_bot",
        "language_code": "",
        "is_bot": true,
        "is_premium": false,
        "added_to_attachment_menu": false,
        "active_usernames": null,
        "emoji_status_custom_emoji_id": "",
        "can_join_groups": false,
        "can_read_all_group_messages": false,
        "supports_inline_queries": false,
        "can_connect_to_business": false,
        "has_main_web_app": false
      },
      "date": 1742865206,
      "chat": {
        "id": 1745671820,
        "type": "private",
        "title": "",
        "first_name": "Nguyễn Thị Phương Thảo",
        "last_name": "",
        "username": "",
        "available_reactions": null,
        "can_send_paid_media": false,
        "custom_emoji_sticker_set_name": "",
        "has_restricted_voice_and_video_messages": false,
        "emoji_status_custom_emoji_id": "",
        "emoji_status_expiration_date": 0,
        "background_custom_emoji_id": "",
        "accent_color_id": 0,
        "profile_accent_color_id": 0,
        "profile_background_custom_emoji_id": "",
        "has_visible_history": false,
        "unrestrict_boost_count": 0,
        "max_reaction_count": 0,
        "birthdate": {
          "day": 0,
          "month": 0,
          "year": 0
        },
        "business_intro": {
          "title": "",
          "message": "",
          "sticker": null
        },
        "business_location": {
          "address": "",
          "location": null
        },
        "business_opening_hours": {
          "time_zone_name": "",
          "opening_hours": null
        }
      },
      "sender_chat": null,
      "forward_from": null,
      "forward_from_chat": null,
      "forward_from_message_id": 0,
      "forward_signature": "",
      "forward_sender_name": "",
      "forward_date": 0,
      "forward_origin": null,
      "is_automatic_forward": false,
      "reply_to_message": null,
      "story": null,
      "external_reply": null,
      "quote": null,
      "via_bot": null,
      "reply_to_story": null,
      "edit_date": 0,
      "is_topic_message": false,
      "media_group_id": "",
      "author_signature": "",
      "text": "Chào mừng bạn đến với mini Billing. Để sử dụng dịch vụ, vui lòng đăng nhập vào ứng dụng",
      "effect_id": "",
      "audio": null,
      "document": null,
      "paid_media": {
        "star_count": 0,
        "paid_media": null
      },
      "photo": null,
      "sticker": null,
      "voice": null,
      "video_note": null,
      "video": null,
      "animation": null,
      "contact": null,
      "location": null,
      "venue": null,
      "poll": null,
      "game": null,
      "dice": null,
      "giveaway": null,
      "giveaway_winners": null,
      "giveaway_created": null,
      "giveaway_completed": null,
      "business_connection_id": "",
      "sender_business_bot": null,
      "new_chat_member": null,
      "left_chat_member": null,
      "new_chat_title": "",
      "new_chat_photo": null,
      "new_chat_members": null,
      "delete_chat_photo": false,
      "group_chat_created": false,
      "supergroup_chat_created": false,
      "channel_chat_created": false,
      "migrate_to_chat_id": 0,
      "migrate_from_chat_id": 0,
      "pinned_message": null,
      "invoice": null,
      "successful_payment": null,
      "refunded_payment": null,
      "reply_markup": {
        "inline_keyboard": [
          [
            {
              "text": "🔑 Đăng nhập",
              "callback_data": "\fbtn_login|login",
              "switch_inline_query_current_chat": ""
            }
          ]
        ]
      },
      "boost_added": null,
      "chat_background_set": {
        "type": {
          "type": "",
          "fill": {
            "type": ""
          },
          "document": {
            "file_id": "",
            "file_unique_id": "",
            "file_size": 0,
            "file_path": "",
            "file_local": "",
            "file_url": "",
            "mime_type": ""
          }
        }
      },
      "sender_boost_count": 0,
      "show_caption_above_media": false
    },
    "inline_message_id": "",
    "data": "\fbtn_login|login",
    "chat_instance": "-2678256898979970386",
    "game_short_name": ""
  },
  "chat_boost": null,
  "removed_chat_boost": null,
  "business_connection": null,
  "business_message": null,
  "edited_business_message": null,
  "deleted_business_messages": null
}
2025/03/25 08:13:35 ✅ Cập nhật user thành công!
2025/03/25 08:13:35 {
  "update_id": 542154509,
  "message_reaction": null,
  "message_reaction_count": null,
  "callback_query": {
    "id": "7497603379885133218",
    "from": {
      "id": 1745671820,
      "first_name": "Nguyễn Thị Phương Thảo",
      "last_name": "",
      "is_forum": false,
      "username": "",
      "language_code": "vi",
      "is_bot": false,
      "is_premium": false,
      "added_to_attachment_menu": false,
      "active_usernames": null,
      "emoji_status_custom_emoji_id": "",
      "can_join_groups": false,
      "can_read_all_group_messages": false,
      "supports_inline_queries": false,
      "can_connect_to_business": false,
      "has_main_web_app": false
    },
    "message": {
      "message_id": 1460,
      "message_thread_id": 0,
      "from": {
        "id": 7195471412,
        "first_name": "Mini Billing Digitel",
        "last_name": "",
        "is_forum": false,
        "username": "BillingDigitel_bot",
        "language_code": "",
        "is_bot": true,
        "is_premium": false,
        "added_to_attachment_menu": false,
        "active_usernames": null,
        "emoji_status_custom_emoji_id": "",
        "can_join_groups": false,
        "can_read_all_group_messages": false,
        "supports_inline_queries": false,
        "can_connect_to_business": false,
        "has_main_web_app": false
      },
      "date": 1742865206,
      "chat": {
        "id": 1745671820,
        "type": "private",
        "title": "",
        "first_name": "Nguyễn Thị Phương Thảo",
        "last_name": "",
        "username": "",
        "available_reactions": null,
        "can_send_paid_media": false,
        "custom_emoji_sticker_set_name": "",
        "has_restricted_voice_and_video_messages": false,
        "emoji_status_custom_emoji_id": "",
        "emoji_status_expiration_date": 0,
        "background_custom_emoji_id": "",
        "accent_color_id": 0,
        "profile_accent_color_id": 0,
        "profile_background_custom_emoji_id": "",
        "has_visible_history": false,
        "unrestrict_boost_count": 0,
        "max_reaction_count": 0,
        "birthdate": {
          "day": 0,
          "month": 0,
          "year": 0
        },
        "business_intro": {
          "title": "",
          "message": "",
          "sticker": null
        },
        "business_location": {
          "address": "",
          "location": null
        },
        "business_opening_hours": {
          "time_zone_name": "",
          "opening_hours": null
        }
      },
      "sender_chat": null,
      "forward_from": null,
      "forward_from_chat": null,
      "forward_from_message_id": 0,
      "forward_signature": "",
      "forward_sender_name": "",
      "forward_date": 0,
      "forward_origin": null,
      "is_automatic_forward": false,
      "reply_to_message": null,
      "story": null,
      "external_reply": null,
      "quote": null,
      "via_bot": null,
      "reply_to_story": null,
      "edit_date": 0,
      "is_topic_message": false,
      "media_group_id": "",
      "author_signature": "",
      "text": "Chào mừng bạn đến với mini Billing. Để sử dụng dịch vụ, vui lòng đăng nhập vào ứng dụng",
      "effect_id": "",
      "audio": null,
      "document": null,
      "paid_media": {
        "star_count": 0,
        "paid_media": null
      },
      "photo": null,
      "sticker": null,
      "voice": null,
      "video_note": null,
      "video": null,
      "animation": null,
      "contact": null,
      "location": null,
      "venue": null,
      "poll": null,
      "game": null,
      "dice": null,
      "giveaway": null,
      "giveaway_winners": null,
      "giveaway_created": null,
      "giveaway_completed": null,
      "business_connection_id": "",
      "sender_business_bot": null,
      "new_chat_member": null,
      "left_chat_member": null,
      "new_chat_title": "",
      "new_chat_photo": null,
      "new_chat_members": null,
      "delete_chat_photo": false,
      "group_chat_created": false,
      "supergroup_chat_created": false,
      "channel_chat_created": false,
      "migrate_to_chat_id": 0,
      "migrate_from_chat_id": 0,
      "pinned_message": null,
      "invoice": null,
      "successful_payment": null,
      "refunded_payment": null,
      "reply_markup": {
        "inline_keyboard": [
          [
            {
              "text": "🔑 Đăng nhập",
              "callback_data": "\fbtn_login|login",
              "switch_inline_query_current_chat": ""
            }
          ]
        ]
      },
      "boost_added": null,
      "chat_background_set": {
        "type": {
          "type": "",
          "fill": {
            "type": ""
          },
          "document": {
            "file_id": "",
            "file_unique_id": "",
            "file_size": 0,
            "file_path": "",
            "file_local": "",
            "file_url": "",
            "mime_type": ""
          }
        }
      },
      "sender_boost_count": 0,
      "show_caption_above_media": false
    },
    "inline_message_id": "",
    "data": "\fbtn_login|login",
    "chat_instance": "-2678256898979970386",
    "game_short_name": ""
  },
  "chat_boost": null,
  "removed_chat_boost": null,
  "business_connection": null,
  "business_message": null,
  "edited_business_message": null,
  "deleted_business_messages": null
}
2025/03/25 08:13:35 ✅ Cập nhật user thành công!
2025/03/25 08:13:35 {
  "update_id": 542154509,
  "message_reaction": null,
  "message_reaction_count": null,
  "callback_query": {
    "id": "7497603379885133218",
    "from": {
      "id": 1745671820,
      "first_name": "Nguyễn Thị Phương Thảo",
      "last_name": "",
      "is_forum": false,
      "username": "",
      "language_code": "vi",
      "is_bot": false,
      "is_premium": false,
      "added_to_attachment_menu": false,
      "active_usernames": null,
      "emoji_status_custom_emoji_id": "",
      "can_join_groups": false,
      "can_read_all_group_messages": false,
      "supports_inline_queries": false,
      "can_connect_to_business": false,
      "has_main_web_app": false
    },
    "message": {
      "message_id": 1460,
      "message_thread_id": 0,
      "from": {
        "id": 7195471412,
        "first_name": "Mini Billing Digitel",
        "last_name": "",
        "is_forum": false,
        "username": "BillingDigitel_bot",
        "language_code": "",
        "is_bot": true,
        "is_premium": false,
        "added_to_attachment_menu": false,
        "active_usernames": null,
        "emoji_status_custom_emoji_id": "",
        "can_join_groups": false,
        "can_read_all_group_messages": false,
        "supports_inline_queries": false,
        "can_connect_to_business": false,
        "has_main_web_app": false
      },
      "date": 1742865206,
      "chat": {
        "id": 1745671820,
        "type": "private",
        "title": "",
        "first_name": "Nguyễn Thị Phương Thảo",
        "last_name": "",
        "username": "",
        "available_reactions": null,
        "can_send_paid_media": false,
        "custom_emoji_sticker_set_name": "",
        "has_restricted_voice_and_video_messages": false,
        "emoji_status_custom_emoji_id": "",
        "emoji_status_expiration_date": 0,
        "background_custom_emoji_id": "",
        "accent_color_id": 0,
        "profile_accent_color_id": 0,
        "profile_background_custom_emoji_id": "",
        "has_visible_history": false,
        "unrestrict_boost_count": 0,
        "max_reaction_count": 0,
        "birthdate": {
          "day": 0,
          "month": 0,
          "year": 0
        },
        "business_intro": {
          "title": "",
          "message": "",
          "sticker": null
        },
        "business_location": {
          "address": "",
          "location": null
        },
        "business_opening_hours": {
          "time_zone_name": "",
          "opening_hours": null
        }
      },
      "sender_chat": null,
      "forward_from": null,
      "forward_from_chat": null,
      "forward_from_message_id": 0,
      "forward_signature": "",
      "forward_sender_name": "",
      "forward_date": 0,
      "forward_origin": null,
      "is_automatic_forward": false,
      "reply_to_message": null,
      "story": null,
      "external_reply": null,
      "quote": null,
      "via_bot": null,
      "reply_to_story": null,
      "edit_date": 0,
      "is_topic_message": false,
      "media_group_id": "",
      "author_signature": "",
      "text": "Chào mừng bạn đến với mini Billing. Để sử dụng dịch vụ, vui lòng đăng nhập vào ứng dụng",
      "effect_id": "",
      "audio": null,
      "document": null,
      "paid_media": {
        "star_count": 0,
        "paid_media": null
      },
      "photo": null,
      "sticker": null,
      "voice": null,
      "video_note": null,
      "video": null,
      "animation": null,
      "contact": null,
      "location": null,
      "venue": null,
      "poll": null,
      "game": null,
      "dice": null,
      "giveaway": null,
      "giveaway_winners": null,
      "giveaway_created": null,
      "giveaway_completed": null,
      "business_connection_id": "",
      "sender_business_bot": null,
      "new_chat_member": null,
      "left_chat_member": null,
      "new_chat_title": "",
      "new_chat_photo": null,
      "new_chat_members": null,
      "delete_chat_photo": false,
      "group_chat_created": false,
      "supergroup_chat_created": false,
      "channel_chat_created": false,
      "migrate_to_chat_id": 0,
      "migrate_from_chat_id": 0,
      "pinned_message": null,
      "invoice": null,
      "successful_payment": null,
      "refunded_payment": null,
      "reply_markup": {
        "inline_keyboard": [
          [
            {
              "text": "🔑 Đăng nhập",
              "callback_data": "\fbtn_login|login",
              "switch_inline_query_current_chat": ""
            }
          ]
        ]
      },
      "boost_added": null,
      "chat_background_set": {
        "type": {
          "type": "",
          "fill": {
            "type": ""
          },
          "document": {
            "file_id": "",
            "file_unique_id": "",
            "file_size": 0,
            "file_path": "",
            "file_local": "",
            "file_url": "",
            "mime_type": ""
          }
        }
      },
      "sender_boost_count": 0,
      "show_caption_above_media": false
    },
    "inline_message_id": "",
    "data": "\fbtn_login|login",
    "chat_instance": "-2678256898979970386",
    "game_short_name": ""
  },
  "chat_boost": null,
  "removed_chat_boost": null,
  "business_connection": null,
  "business_message": null,
  "edited_business_message": null,
  "deleted_business_messages": null
}
2025/03/25 08:13:36 ✅ Cập nhật user thành công!
2025/03/26 08:06:51 {
  "update_id": 542154510,
  "message_reaction": null,
  "message_reaction_count": null,
  "callback_query": {
    "id": "723615617613714518",
    "from": {
      "id": 6610930834,
      "first_name": "Minh Chánh",
      "last_name": "",
      "is_forum": false,
      "username": "tongdaidigi",
      "language_code": "vi",
      "is_bot": false,
      "is_premium": true,
      "added_to_attachment_menu": false,
      "active_usernames": null,
      "emoji_status_custom_emoji_id": "",
      "can_join_groups": false,
      "can_read_all_group_messages": false,
      "supports_inline_queries": false,
      "can_connect_to_business": false,
      "has_main_web_app": false
    },
    "message": {
      "message_id": 1452,
      "message_thread_id": 0,
      "from": {
        "id": 7195471412,
        "first_name": "Mini Billing Digitel",
        "last_name": "",
        "is_forum": false,
        "username": "BillingDigitel_bot",
        "language_code": "",
        "is_bot": true,
        "is_premium": false,
        "added_to_attachment_menu": false,
        "active_usernames": null,
        "emoji_status_custom_emoji_id": "",
        "can_join_groups": false,
        "can_read_all_group_messages": false,
        "supports_inline_queries": false,
        "can_connect_to_business": false,
        "has_main_web_app": false
      },
      "date": 1742548123,
      "chat": {
        "id": 6610930834,
        "type": "private",
        "title": "",
        "first_name": "Minh Chánh",
        "last_name": "",
        "username": "tongdaidigi",
        "available_reactions": null,
        "can_send_paid_media": false,
        "custom_emoji_sticker_set_name": "",
        "has_restricted_voice_and_video_messages": false,
        "emoji_status_custom_emoji_id": "",
        "emoji_status_expiration_date": 0,
        "background_custom_emoji_id": "",
        "accent_color_id": 0,
        "profile_accent_color_id": 0,
        "profile_background_custom_emoji_id": "",
        "has_visible_history": false,
        "unrestrict_boost_count": 0,
        "max_reaction_count": 0,
        "birthdate": {
          "day": 0,
          "month": 0,
          "year": 0
        },
        "business_intro": {
          "title": "",
          "message": "",
          "sticker": null
        },
        "business_location": {
          "address": "",
          "location": null
        },
        "business_opening_hours": {
          "time_zone_name": "",
          "opening_hours": null
        }
      },
      "sender_chat": null,
      "forward_from": null,
      "forward_from_chat": null,
      "forward_from_message_id": 0,
      "forward_signature": "",
      "forward_sender_name": "",
      "forward_date": 0,
      "forward_origin": null,
      "is_automatic_forward": false,
      "reply_to_message": null,
      "story": null,
      "external_reply": null,
      "quote": null,
      "via_bot": null,
      "reply_to_story": null,
      "edit_date": 0,
      "is_topic_message": false,
      "media_group_id": "",
      "author_signature": "",
      "text": "Chào mừng ĐỖ MINH CHÁNH quay trở lại. Mình có thể giúp gì cho bạn ?",
      "effect_id": "",
      "audio": null,
      "document": null,
      "paid_media": {
        "star_count": 0,
        "paid_media": null
      },
      "photo": null,
      "sticker": null,
      "voice": null,
      "video_note": null,
      "video": null,
      "animation": null,
      "contact": null,
      "location": null,
      "venue": null,
      "poll": null,
      "game": null,
      "dice": null,
      "giveaway": null,
      "giveaway_winners": null,
      "giveaway_created": null,
      "giveaway_completed": null,
      "business_connection_id": "",
      "sender_business_bot": null,
      "new_chat_member": null,
      "left_chat_member": null,
      "new_chat_title": "",
      "new_chat_photo": null,
      "new_chat_members": null,
      "delete_chat_photo": false,
      "group_chat_created": false,
      "supergroup_chat_created": false,
      "channel_chat_created": false,
      "migrate_to_chat_id": 0,
      "migrate_from_chat_id": 0,
      "pinned_message": null,
      "invoice": null,
      "successful_payment": null,
      "refunded_payment": null,
      "reply_markup": {
        "inline_keyboard": [
          [
            {
              "text": "🔑 Lẫy mã Đăng nhập",
              "callback_data": "\fbtn_login|loginCode",
              "switch_inline_query_current_chat": ""
            },
            {
              "text": "🔑 Lẫy mã Đăng nhập",
              "callback_data": "\fbtn_login|loginCode",
              "switch_inline_query_current_chat": ""
            }
          ]
        ]
      },
      "boost_added": null,
      "chat_background_set": {
        "type": {
          "type": "",
          "fill": {
            "type": ""
          },
          "document": {
            "file_id": "",
            "file_unique_id": "",
            "file_size": 0,
            "file_path": "",
            "file_local": "",
            "file_url": "",
            "mime_type": ""
          }
        }
      },
      "sender_boost_count": 0,
      "show_caption_above_media": false
    },
    "inline_message_id": "",
    "data": "\fbtn_login|loginCode",
    "chat_instance": "6081602619939067539",
    "game_short_name": ""
  },
  "chat_boost": null,
  "removed_chat_boost": null,
  "business_connection": null,
  "business_message": null,
  "edited_business_message": null,
  "deleted_business_messages": null
}
2025/03/26 08:06:51 ✅ Đã tìm thấy người dùng: 2872158373
